Traceback (most recent call last):
  File "/Users/alandmesser/anaconda3/envs/workshops/lib/python3.7/site-packages/jupyter_cache/executors/utils.py", line 56, in single_nb_execution
    record_timing=False,
  File "/Users/alandmesser/anaconda3/envs/workshops/lib/python3.7/site-packages/nbclient/client.py", line 1112, in execute
    return NotebookClient(nb=nb, resources=resources, km=km, **kwargs).execute()
  File "/Users/alandmesser/anaconda3/envs/workshops/lib/python3.7/site-packages/nbclient/util.py", line 74, in wrapped
    return just_run(coro(*args, **kwargs))
  File "/Users/alandmesser/anaconda3/envs/workshops/lib/python3.7/site-packages/nbclient/util.py", line 53, in just_run
    return loop.run_until_complete(coro)
  File "/Users/alandmesser/anaconda3/envs/workshops/lib/python3.7/asyncio/base_events.py", line 583, in run_until_complete
    return future.result()
  File "/Users/alandmesser/anaconda3/envs/workshops/lib/python3.7/site-packages/nbclient/client.py", line 554, in async_execute
    cell, index, execution_count=self.code_cells_executed + 1
  File "/Users/alandmesser/anaconda3/envs/workshops/lib/python3.7/site-packages/nbclient/client.py", line 857, in async_execute_cell
    self._check_raise_for_error(cell, exec_reply)
  File "/Users/alandmesser/anaconda3/envs/workshops/lib/python3.7/site-packages/nbclient/client.py", line 760, in _check_raise_for_error
    raise CellExecutionError.from_cell_and_msg(cell, exec_reply_content)
nbclient.exceptions.CellExecutionError: An error occurred while executing the following cell:
------------------
# Explore SibSp feature vs Survived
g = sns.factorplot(x="FamilySize",y="Survived",data=df_temp, kind="bar", size=6, palette = "muted")
g.despine(left=True)
g.set_xticklabels(rotation=90)
g = g.set_ylabels("Wahrscheinlichkeit zu überleben")
------------------

[0;31m-------------------------------------------[0m
[0;31mValueError[0mTraceback (most recent call last)
[0;32m<ipython-input-42-7d5a96225f37>[0m in [0;36m<module>[0;34m[0m
[1;32m      1[0m [0;31m# Explore SibSp feature vs Survived[0m[0;34m[0m[0;34m[0m[0;34m[0m[0m
[0;32m----> 2[0;31m [0mg[0m [0;34m=[0m [0msns[0m[0;34m.[0m[0mfactorplot[0m[0;34m([0m[0mx[0m[0;34m=[0m[0;34m"FamilySize"[0m[0;34m,[0m[0my[0m[0;34m=[0m[0;34m"Survived"[0m[0;34m,[0m[0mdata[0m[0;34m=[0m[0mdf_temp[0m[0;34m,[0m [0mkind[0m[0;34m=[0m[0;34m"bar"[0m[0;34m,[0m [0msize[0m[0;34m=[0m[0;36m6[0m[0;34m,[0m [0mpalette[0m [0;34m=[0m [0;34m"muted"[0m[0;34m)[0m[0;34m[0m[0;34m[0m[0m
[0m[1;32m      3[0m [0mg[0m[0;34m.[0m[0mdespine[0m[0;34m([0m[0mleft[0m[0;34m=[0m[0;32mTrue[0m[0;34m)[0m[0;34m[0m[0;34m[0m[0m
[1;32m      4[0m [0mg[0m[0;34m.[0m[0mset_xticklabels[0m[0;34m([0m[0mrotation[0m[0;34m=[0m[0;36m90[0m[0;34m)[0m[0;34m[0m[0;34m[0m[0m
[1;32m      5[0m [0mg[0m [0;34m=[0m [0mg[0m[0;34m.[0m[0mset_ylabels[0m[0;34m([0m[0;34m"Wahrscheinlichkeit zu überleben"[0m[0;34m)[0m[0;34m[0m[0;34m[0m[0m

[0;32m~/anaconda3/envs/workshops/lib/python3.7/site-packages/seaborn/categorical.py[0m in [0;36mfactorplot[0;34m(*args, **kwargs)[0m
[1;32m   3722[0m     [0mkwargs[0m[0;34m.[0m[0msetdefault[0m[0;34m([0m[0;34m"kind"[0m[0;34m,[0m [0;34m"point"[0m[0;34m)[0m[0;34m[0m[0;34m[0m[0m
[1;32m   3723[0m [0;34m[0m[0m
[0;32m-> 3724[0;31m     [0;32mreturn[0m [0mcatplot[0m[0;34m([0m[0;34m*[0m[0margs[0m[0;34m,[0m [0;34m**[0m[0mkwargs[0m[0;34m)[0m[0;34m[0m[0;34m[0m[0m
[0m[1;32m   3725[0m [0;34m[0m[0m
[1;32m   3726[0m [0;34m[0m[0m

[0;32m~/anaconda3/envs/workshops/lib/python3.7/site-packages/seaborn/_decorators.py[0m in [0;36minner_f[0;34m(*args, **kwargs)[0m
[1;32m     44[0m             )
[1;32m     45[0m         [0mkwargs[0m[0;34m.[0m[0mupdate[0m[0;34m([0m[0;34m{[0m[0mk[0m[0;34m:[0m [0marg[0m [0;32mfor[0m [0mk[0m[0;34m,[0m [0marg[0m [0;32min[0m [0mzip[0m[0;34m([0m[0msig[0m[0;34m.[0m[0mparameters[0m[0;34m,[0m [0margs[0m[0;34m)[0m[0;34m}[0m[0;34m)[0m[0;34m[0m[0;34m[0m[0m
[0;32m---> 46[0;31m         [0;32mreturn[0m [0mf[0m[0;34m([0m[0;34m**[0m[0mkwargs[0m[0;34m)[0m[0;34m[0m[0;34m[0m[0m
[0m[1;32m     47[0m     [0;32mreturn[0m [0minner_f[0m[0;34m[0m[0;34m[0m[0m
[1;32m     48[0m [0;34m[0m[0m

[0;32m~/anaconda3/envs/workshops/lib/python3.7/site-packages/seaborn/categorical.py[0m in [0;36mcatplot[0;34m(x, y, hue, data, row, col, col_wrap, estimator, ci, n_boot, units, seed, order, hue_order, row_order, col_order, kind, height, aspect, orient, color, palette, legend, legend_out, sharex, sharey, margin_titles, facet_kws, **kwargs)[0m
[1;32m   3787[0m     [0mp[0m [0;34m=[0m [0m_CategoricalPlotter[0m[0;34m([0m[0;34m)[0m[0;34m[0m[0;34m[0m[0m
[1;32m   3788[0m     [0mp[0m[0;34m.[0m[0mrequire_numeric[0m [0;34m=[0m [0mplotter_class[0m[0;34m.[0m[0mrequire_numeric[0m[0;34m[0m[0;34m[0m[0m
[0;32m-> 3789[0;31m     [0mp[0m[0;34m.[0m[0mestablish_variables[0m[0;34m([0m[0mx_[0m[0;34m,[0m [0my_[0m[0;34m,[0m [0mhue[0m[0;34m,[0m [0mdata[0m[0;34m,[0m [0morient[0m[0;34m,[0m [0morder[0m[0;34m,[0m [0mhue_order[0m[0;34m)[0m[0;34m[0m[0;34m[0m[0m
[0m[1;32m   3790[0m     if (
[1;32m   3791[0m         [0morder[0m [0;32mis[0m [0;32mnot[0m [0;32mNone[0m[0;34m[0m[0;34m[0m[0m

[0;32m~/anaconda3/envs/workshops/lib/python3.7/site-packages/seaborn/categorical.py[0m in [0;36mestablish_variables[0;34m(self, x, y, hue, data, orient, order, hue_order, units)[0m
[1;32m    151[0m                 [0;32mif[0m [0misinstance[0m[0;34m([0m[0mvar[0m[0;34m,[0m [0mstr[0m[0;34m)[0m[0;34m:[0m[0;34m[0m[0;34m[0m[0m
[1;32m    152[0m                     [0merr[0m [0;34m=[0m [0;34m"Could not interpret input '{}'"[0m[0;34m.[0m[0mformat[0m[0;34m([0m[0mvar[0m[0;34m)[0m[0;34m[0m[0;34m[0m[0m
[0;32m--> 153[0;31m                     [0;32mraise[0m [0mValueError[0m[0;34m([0m[0merr[0m[0;34m)[0m[0;34m[0m[0;34m[0m[0m
[0m[1;32m    154[0m [0;34m[0m[0m
[1;32m    155[0m             [0;31m# Figure out the plotting orientation[0m[0;34m[0m[0;34m[0m[0;34m[0m[0m

[0;31mValueError[0m: Could not interpret input 'FamilySize'
ValueError: Could not interpret input 'FamilySize'

